  Client.cpp
C:\Program Files\Microsoft Visual Studio\2022\Professional\VC\Tools\MSVC\14.37.32822\include\thread(55,14): error C2672: 'invoke': no matching overloaded function found
C:\Program Files\Microsoft Visual Studio\2022\Professional\VC\Tools\MSVC\14.37.32822\include\type_traits(1756,19): message : could be 'unknown-type std::invoke(_Callable &&,_Ty1 &&,_Types2 &&...) noexcept(<expr>)'
C:\Program Files\Microsoft Visual Studio\2022\Professional\VC\Tools\MSVC\14.37.32822\include\thread(55,14): message : 'unknown-type std::invoke(_Callable &&,_Ty1 &&,_Types2 &&...) noexcept(<expr>)': expects 3 arguments - 1 provided
C:\Program Files\Microsoft Visual Studio\2022\Professional\VC\Tools\MSVC\14.37.32822\include\type_traits(1750,19): message : or       'unknown-type std::invoke(_Callable &&) noexcept(<expr>)'
C:\Program Files\Microsoft Visual Studio\2022\Professional\VC\Tools\MSVC\14.37.32822\include\thread(55,14): message : Failed to specialize function template 'unknown-type std::invoke(_Callable &&) noexcept(<expr>)'
C:\Program Files\Microsoft Visual Studio\2022\Professional\VC\Tools\MSVC\14.37.32822\include\thread(55,14): message : With the following template arguments:
C:\Program Files\Microsoft Visual Studio\2022\Professional\VC\Tools\MSVC\14.37.32822\include\thread(55,14): message : '_Callable=void (__cdecl Client::* )(void)'
C:\Program Files\Microsoft Visual Studio\2022\Professional\VC\Tools\MSVC\14.37.32822\include\type_traits(1751,47): message : term does not evaluate to a function taking 0 arguments
C:\Program Files\Microsoft Visual Studio\2022\Professional\VC\Tools\MSVC\14.37.32822\include\thread(62,17): message : see reference to function template instantiation 'unsigned int std::thread::_Invoke<_Tuple,0>(void *) noexcept' being compiled
C:\Program Files\Microsoft Visual Studio\2022\Professional\VC\Tools\MSVC\14.37.32822\include\thread(71,40): message : see reference to function template instantiation 'unsigned int (__cdecl *std::thread::_Get_invoke<_Tuple,0>(std::integer_sequence<size_t,0>) noexcept)(void *)' being compiled
C:\Program Files\Microsoft Visual Studio\2022\Professional\VC\Tools\MSVC\14.37.32822\include\thread(88,9): message : see reference to function template instantiation 'void std::thread::_Start<_Ty,>(_Fn &&)' being compiled
          with
          [
              _Ty=void (__cdecl Client::* )(void),
              _Fn=void (__cdecl Client::* )(void)
          ]
C:\Users\alle0328\Downloads\GAM1559\Server\Client\Client.cpp(149,44): message : see reference to function template instantiation 'std::thread::thread<void(__cdecl Client::* )(void),,0>(_Fn &&)' being compiled
          with
          [
              _Fn=void (__cdecl Client::* )(void)
          ]
